[2025-10-16T06:02:10+02:00] proc=msedge original_title=MONICOMLAB and 2 more pages - Personal - Microsoft? Edge
cmd=powershell -NoProfile -NonInteractive -File "C:\Users\Cris\AppData\Local\Temp\uip4E5E.tmp.ps1" -procName "msedge"
raw_output=NULL
parsed_titles=NULL
final_title=MONICOMLAB and 2 more pages - Personal - Microsoft? Edge

[2025-10-16T06:02:25+02:00] proc=msedge original_title=MONICOMLAB and 2 more pages - Personal - Microsoft? Edge
cmd=powershell -NoProfile -NonInteractive -File "C:\Users\Cris\AppData\Local\Temp\uip883C.tmp.ps1" -procName "msedge"
raw_output=NULL
parsed_titles=NULL
final_title=MONICOMLAB and 2 more pages - Personal - Microsoft? Edge

[2025-10-16T06:02:36+02:00] proc=msedge original_title=MONICOMLAB and 2 more pages - Personal - Microsoft? Edge
cmd=powershell -NoProfile -NonInteractive -File "C:\Users\Cris\AppData\Local\Temp\uipB2B8.tmp.ps1" -procName "msedge"
raw_output=NULL
parsed_titles=NULL
final_title=MONICOMLAB and 2 more pages - Personal - Microsoft? Edge

[2025-10-16T06:02:51+02:00] proc=msedge original_title=MONICOMLAB and 2 more pages - Personal - Microsoft? Edge
cmd=powershell -NoProfile -NonInteractive -File "C:\Users\Cris\AppData\Local\Temp\uipEDBE.tmp.ps1" -procName "msedge"
raw_output=NULL
parsed_titles=NULL
final_title=MONICOMLAB and 2 more pages - Personal - Microsoft? Edge

[2025-10-16T06:03:01+02:00] proc=msedge original_title=MONICOMLAB and 2 more pages - Personal - Microsoft? Edge
cmd=powershell -NoProfile -NonInteractive -File "C:\Users\Cris\AppData\Local\Temp\uip1685.tmp.ps1" -procName "msedge"
raw_output=NULL
parsed_titles=NULL
final_title=MONICOMLAB and 2 more pages - Personal - Microsoft? Edge

[2025-10-16T06:03:17+02:00] proc=msedge original_title=MONICOMLAB and 2 more pages - Personal - Microsoft? Edge
cmd=powershell -NoProfile -NonInteractive -File "C:\Users\Cris\AppData\Local\Temp\uip5208.tmp.ps1" -procName "msedge"
raw_output=NULL
parsed_titles=NULL
final_title=MONICOMLAB and 2 more pages - Personal - Microsoft? Edge

[2025-10-16T06:03:26+02:00] proc=msedge original_title=MONICOMLAB and 2 more pages - Personal - Microsoft? Edge
cmd=powershell -NoProfile -NonInteractive -File "C:\Users\Cris\AppData\Local\Temp\uip78FA.tmp.ps1" -procName "msedge"
raw_output=NULL
parsed_titles=NULL
final_title=MONICOMLAB and 2 more pages - Personal - Microsoft? Edge

